  Graph.c
D:\개인공부\Atentsgame_Algorithm_Lecture\알고리즘\12.TopplpjicalSort example\Graph.c(112,10): warning C4477: 'printf' : 서식 문자열 '%c'에 'int' 형식의 인수가 필요하지만 variadic 인수 1의 형식이 'ElementType'입니다.
D:\개인공부\Atentsgame_Algorithm_Lecture\알고리즘\12.TopplpjicalSort example\Graph.c(112,10): warning C4313: 'printf': 서식 문자열의 '%c'이(가) 인수 1('ElementType' 형식)과(와) 충돌합니다.
D:\개인공부\Atentsgame_Algorithm_Lecture\알고리즘\12.TopplpjicalSort example\Graph.c(123,11): warning C4477: 'printf' : 서식 문자열 '%c'에 'int' 형식의 인수가 필요하지만 variadic 인수 1의 형식이 'ElementType'입니다.
D:\개인공부\Atentsgame_Algorithm_Lecture\알고리즘\12.TopplpjicalSort example\Graph.c(123,11): warning C4313: 'printf': 서식 문자열의 '%c'이(가) 인수 1('ElementType' 형식)과(와) 충돌합니다.
  LinkedList.c
  Test_TopologicalSort.c
D:\개인공부\Atentsgame_Algorithm_Lecture\알고리즘\12.TopplpjicalSort example\Test_TopologicalSort.c(11,30): warning C4047: '함수': 'ElementType'의 간접 참조 수준이 'int'과(와) 다릅니다.
D:\개인공부\Atentsgame_Algorithm_Lecture\알고리즘\12.TopplpjicalSort example\Test_TopologicalSort.c(11,27): warning C4024: 'CreateVertex': 형식 및 실제 매개 변수 1의 형식이 서로 다릅니다.
D:\개인공부\Atentsgame_Algorithm_Lecture\알고리즘\12.TopplpjicalSort example\Test_TopologicalSort.c(12,30): warning C4047: '함수': 'ElementType'의 간접 참조 수준이 'int'과(와) 다릅니다.
D:\개인공부\Atentsgame_Algorithm_Lecture\알고리즘\12.TopplpjicalSort example\Test_TopologicalSort.c(12,27): warning C4024: 'CreateVertex': 형식 및 실제 매개 변수 1의 형식이 서로 다릅니다.
D:\개인공부\Atentsgame_Algorithm_Lecture\알고리즘\12.TopplpjicalSort example\Test_TopologicalSort.c(13,30): warning C4047: '함수': 'ElementType'의 간접 참조 수준이 'int'과(와) 다릅니다.
D:\개인공부\Atentsgame_Algorithm_Lecture\알고리즘\12.TopplpjicalSort example\Test_TopologicalSort.c(13,27): warning C4024: 'CreateVertex': 형식 및 실제 매개 변수 1의 형식이 서로 다릅니다.
D:\개인공부\Atentsgame_Algorithm_Lecture\알고리즘\12.TopplpjicalSort example\Test_TopologicalSort.c(14,30): warning C4047: '함수': 'ElementType'의 간접 참조 수준이 'int'과(와) 다릅니다.
D:\개인공부\Atentsgame_Algorithm_Lecture\알고리즘\12.TopplpjicalSort example\Test_TopologicalSort.c(14,27): warning C4024: 'CreateVertex': 형식 및 실제 매개 변수 1의 형식이 서로 다릅니다.
D:\개인공부\Atentsgame_Algorithm_Lecture\알고리즘\12.TopplpjicalSort example\Test_TopologicalSort.c(15,30): warning C4047: '함수': 'ElementType'의 간접 참조 수준이 'int'과(와) 다릅니다.
D:\개인공부\Atentsgame_Algorithm_Lecture\알고리즘\12.TopplpjicalSort example\Test_TopologicalSort.c(15,27): warning C4024: 'CreateVertex': 형식 및 실제 매개 변수 1의 형식이 서로 다릅니다.
D:\개인공부\Atentsgame_Algorithm_Lecture\알고리즘\12.TopplpjicalSort example\Test_TopologicalSort.c(16,30): warning C4047: '함수': 'ElementType'의 간접 참조 수준이 'int'과(와) 다릅니다.
D:\개인공부\Atentsgame_Algorithm_Lecture\알고리즘\12.TopplpjicalSort example\Test_TopologicalSort.c(16,27): warning C4024: 'CreateVertex': 형식 및 실제 매개 변수 1의 형식이 서로 다릅니다.
D:\개인공부\Atentsgame_Algorithm_Lecture\알고리즘\12.TopplpjicalSort example\Test_TopologicalSort.c(17,30): warning C4047: '함수': 'ElementType'의 간접 참조 수준이 'int'과(와) 다릅니다.
D:\개인공부\Atentsgame_Algorithm_Lecture\알고리즘\12.TopplpjicalSort example\Test_TopologicalSort.c(17,27): warning C4024: 'CreateVertex': 형식 및 실제 매개 변수 1의 형식이 서로 다릅니다.
D:\개인공부\Atentsgame_Algorithm_Lecture\알고리즘\12.TopplpjicalSort example\Test_TopologicalSort.c(18,30): warning C4047: '함수': 'ElementType'의 간접 참조 수준이 'int'과(와) 다릅니다.
D:\개인공부\Atentsgame_Algorithm_Lecture\알고리즘\12.TopplpjicalSort example\Test_TopologicalSort.c(18,27): warning C4024: 'CreateVertex': 형식 및 실제 매개 변수 1의 형식이 서로 다릅니다.
D:\개인공부\Atentsgame_Algorithm_Lecture\알고리즘\12.TopplpjicalSort example\Test_TopologicalSort.c(54,10): warning C4477: 'printf' : 서식 문자열 '%C'에 'int' 형식의 인수가 필요하지만 variadic 인수 1의 형식이 'ElementType'입니다.
D:\개인공부\Atentsgame_Algorithm_Lecture\알고리즘\12.TopplpjicalSort example\Test_TopologicalSort.c(54,10): warning C4313: 'printf': 서식 문자열의 '%C'이(가) 인수 1('ElementType' 형식)과(와) 충돌합니다.
  TopologicalSort.c
D:\개인공부\Atentsgame_Algorithm_Lecture\알고리즘\12.TopplpjicalSort example\TopologicalSort.c(30,9): warning C4477: 'printf' : 서식 문자열 '%c'에 'int' 형식의 인수가 필요하지만 variadic 인수 1의 형식이 'ElementType'입니다.
D:\개인공부\Atentsgame_Algorithm_Lecture\알고리즘\12.TopplpjicalSort example\TopologicalSort.c(30,9): warning C4313: 'printf': 서식 문자열의 '%c'이(가) 인수 1('ElementType' 형식)과(와) 충돌합니다.
  코드를 생성하고 있습니다...
  12.TopplpjicalSort example.vcxproj -> D:\개인공부\Atentsgame_Algorithm_Lecture\알고리즘\x64\Debug\12.TopplpjicalSort example.exe
